%G%G%G%G%G%G%G%G%G//lib/dracut/hooks/cleanup/00-test.sh: line 18: warning: here-document at line 3 delimited by end-of-file (wanted `msgend')
 ___________________ 
< I'm dracut module > 
 ------------------- 
   \ 
    \ 
        .--. 
       |o_o | 
       |:_/ | 
      //   \ \ 
     (|     | ) 
    /'\_   _/`\ 
    \___)=(___/ 
msgend 
sleep 10 
echo " continuing....
%G%G//lib/dracut/hooks/cleanup/00-test.sh: line 18: warning: here-document at line 3 delimited by end-of-file (wanted `msgend')
 ___________________ 
< I'm dracut module > 
 ------------------- 
   \ 
    \ 
        .--. 
       |o_o | 
       |:_/ | 
      //   \ \ 
     (|     | ) 
    /'\_   _/`\ 
    \___)=(___/ 
msgend 
sleep 10 
echo " continuing....
%G%G//lib/dracut/hooks/cleanup/00-test.sh: line 18: warning: here-document at line 3 delimited by end-of-file (wanted `msgend')
 ___________________ 
< I'm dracut module > 
 ------------------- 
   \ 
    \ 
        .--. 
       |o_o | 
       |:_/ | 
      //   \ \ 
     (|     | ) 
    /'\_   _/`\ 
    \___)=(___/ 
msgend 
sleep 10 
echo " continuing....
%G%G//lib/dracut/hooks/cleanup/00-test.sh: line 18: warning: here-document at line 3 delimited by end-of-file (wanted `msgend')
 ___________________ 
< I'm dracut module > 
 ------------------- 
   \ 
    \ 
        .--. 
       |o_o | 
       |:_/ | 
      //   \ \ 
     (|     | ) 
    /'\_   _/`\ 
    \___)=(___/ 
msgend 
sleep 10 
echo " continuing....
%G%G//lib/dracut/hooks/cleanup/00-test.sh: line 18: warning: here-document at line 3 delimited by end-of-file (wanted `msgend')
 ___________________ 
< I'm dracut module > 
 ------------------- 
   \ 
    \ 
        .--. 
       |o_o | 
       |:_/ | 
      //   \ \ 
     (|     | ) 
    /'\_   _/`\ 
    \___)=(___/ 
msgend 
sleep 10 
echo " continuing....
%G